I:\DOCUMENTS\VISUAL STUDIO 2010\PROJECTS\MULTILEEGL\DEBUG\MULTILEEGL.EXE
I:\DOCUMENTS\VISUAL STUDIO 2010\PROJECTS\MULTILEEGL\DEBUG\MULTILEEGL.ILK
I:\DOCUMENTS\VISUAL STUDIO 2010\PROJECTS\MULTILEEGL\DEBUG\MULTILEEGL.PDB
I:\Documents\Visual Studio 2010\Projects\MultilEegL\MultilEegL\Debug\cl.command.1.tlog
I:\Documents\Visual Studio 2010\Projects\MultilEegL\MultilEegL\Debug\CL.read.1.tlog
I:\Documents\Visual Studio 2010\Projects\MultilEegL\MultilEegL\Debug\CL.write.1.tlog
I:\Documents\Visual Studio 2010\Projects\MultilEegL\MultilEegL\Debug\link.command.1.tlog
I:\Documents\Visual Studio 2010\Projects\MultilEegL\MultilEegL\Debug\link.read.1.tlog
I:\Documents\Visual Studio 2010\Projects\MultilEegL\MultilEegL\Debug\link.write.1.tlog
I:\Documents\Visual Studio 2010\Projects\MultilEegL\MultilEegL\Debug\link-cvtres.read.1.tlog
I:\Documents\Visual Studio 2010\Projects\MultilEegL\MultilEegL\Debug\link-cvtres.write.1.tlog
I:\Documents\Visual Studio 2010\Projects\MultilEegL\MultilEegL\Debug\mt.command.1.tlog
I:\Documents\Visual Studio 2010\Projects\MultilEegL\MultilEegL\Debug\mt.read.1.tlog
I:\Documents\Visual Studio 2010\Projects\MultilEegL\MultilEegL\Debug\mt.write.1.tlog
I:\DOCUMENTS\VISUAL STUDIO 2010\PROJECTS\MULTILEEGL\MULTILEEGL\DEBUG\MULTILEEGL.EXE.EMBED.MANIFEST
I:\DOCUMENTS\VISUAL STUDIO 2010\PROJECTS\MULTILEEGL\MULTILEEGL\DEBUG\MULTILEEGL.EXE.EMBED.MANIFEST.RES
I:\DOCUMENTS\VISUAL STUDIO 2010\PROJECTS\MULTILEEGL\MULTILEEGL\DEBUG\MULTILEEGL.EXE.INTERMEDIATE.MANIFEST
I:\DOCUMENTS\VISUAL STUDIO 2010\PROJECTS\MULTILEEGL\MULTILEEGL\DEBUG\MULTILEEGL.OBJ
I:\DOCUMENTS\VISUAL STUDIO 2010\PROJECTS\MULTILEEGL\MULTILEEGL\DEBUG\MULTILEEGL.PCH
I:\DOCUMENTS\VISUAL STUDIO 2010\PROJECTS\MULTILEEGL\MULTILEEGL\DEBUG\MULTILEEGL.RES
I:\Documents\Visual Studio 2010\Projects\MultilEegL\MultilEegL\Debug\MultilEegL.vcxprojResolveAssemblyReference.cache
I:\Documents\Visual Studio 2010\Projects\MultilEegL\MultilEegL\Debug\MultilEegL.write.1.tlog
I:\Documents\Visual Studio 2010\Projects\MultilEegL\MultilEegL\Debug\MultilEegL_manifest.rc
I:\DOCUMENTS\VISUAL STUDIO 2010\PROJECTS\MULTILEEGL\MULTILEEGL\DEBUG\MULTILEEGLDLG.OBJ
I:\Documents\Visual Studio 2010\Projects\MultilEegL\MultilEegL\Debug\rc.command.1.tlog
I:\Documents\Visual Studio 2010\Projects\MultilEegL\MultilEegL\Debug\rc.read.1.tlog
I:\Documents\Visual Studio 2010\Projects\MultilEegL\MultilEegL\Debug\rc.write.1.tlog
I:\DOCUMENTS\VISUAL STUDIO 2010\PROJECTS\MULTILEEGL\MULTILEEGL\DEBUG\SERIALPORT.OBJ
I:\DOCUMENTS\VISUAL STUDIO 2010\PROJECTS\MULTILEEGL\MULTILEEGL\DEBUG\STDAFX.OBJ
I:\Documents\Visual Studio 2010\Projects\MultilEegL\MultilEegL\Debug\vc100.idb
I:\DOCUMENTS\VISUAL STUDIO 2010\PROJECTS\MULTILEEGL\MULTILEEGL\DEBUG\VC100.PDB
