Build started 2015/9/24 11:02:37.
     1>Project "I:\Documents\Visual Studio 2010\Projects\MultilEegL\MultilEegL\MultilEegL.vcxproj" on node 2 (build target(s)).
     1>InitializeBuildStatus:
         Creating "Debug\MultilEegL.unsuccessfulbuild" because "AlwaysCreate" was specified.
       ClCompile:
         All outputs are up-to-date.
         C:\Program Files\Microsoft Visual Studio 10.0\VC\bin\CL.exe /c /ZI /nologo /W3 /WX- /Od /Oy- /D WIN32 /D _WINDOWS /D _DEBUG /D _UNICODE /D UNICODE /D _AFXDLL /Gm /EHsc /RTC1 /MDd /GS /fp:precise /Zc:wchar_t /Zc:forScope /Yu"StdAfx.h" /Fp"Debug\MultilEegL.pch" /Fo"Debug\\" /Fd"Debug\vc100.pdb" /Gd /TP /analyze- /errorReport:prompt MultilEegLDlg.cpp
         MultilEegLDlg.cpp
     1>i:\documents\visual studio 2010\projects\multileegl\multileegl\multileegldlg.cpp(228): warning C4018: '<' : signed/unsigned mismatch
     1>i:\documents\visual studio 2010\projects\multileegl\multileegl\multileegldlg.cpp(235): warning C4018: '<' : signed/unsigned mismatch
     1>i:\documents\visual studio 2010\projects\multileegl\multileegl\multileegldlg.cpp(238): warning C4018: '<' : signed/unsigned mismatch
       ResourceCompile:
         All outputs are up-to-date.
       ManifestResourceCompile:
         All outputs are up-to-date.
       Link:
         C:\Program Files\Microsoft Visual Studio 10.0\VC\bin\link.exe /ERRORREPORT:PROMPT /OUT:"I:\Documents\Visual Studio 2010\Projects\MultilEegL\Debug\MultilEegL.exe" /INCREMENTAL /NOLOGO /MANIFEST /ManifestFile:"Debug\MultilEegL.exe.intermediate.manifest" /MANIFESTUAC:"level='asInvoker' uiAccess='false'" /DEBUG /PDB:"I:\Documents\Visual Studio 2010\Projects\MultilEegL\Debug\MultilEegL.pdb" /SUBSYSTEM:WINDOWS /TLBID:1 /ENTRY:"wWinMainCRTStartup" /DYNAMICBASE /NXCOMPAT /IMPLIB:"I:\Documents\Visual Studio 2010\Projects\MultilEegL\Debug\MultilEegL.lib" /MACHINE:X86 Debug\MultilEegL.res
         Debug\MultilEegL.exe.embed.manifest.res
         Debug\MultilEegL.obj
         Debug\MultilEegLDlg.obj
         Debug\stdafx.obj
         ..\lib\edk.lib
         ..\lib\edk_utils.lib
         ..\lib\glut32.lib
       Manifest:
         C:\Program Files\Microsoft SDKs\Windows\v7.0A\bin\mt.exe /nologo /verbose /out:"Debug\MultilEegL.exe.embed.manifest" /manifest Debug\MultilEegL.exe.intermediate.manifest "C:\Program Files\Microsoft Visual Studio 10.0\VC\Include\Manifest\dpiaware.manifest"
         All outputs are up-to-date.
       LinkEmbedManifest:
         All outputs are up-to-date.
         MultilEegL.vcxproj -> I:\Documents\Visual Studio 2010\Projects\MultilEegL\Debug\MultilEegL.exe
       FinalizeBuildStatus:
         Deleting file "Debug\MultilEegL.unsuccessfulbuild".
         Touching "Debug\MultilEegL.lastbuildstate".
     1>Done Building Project "I:\Documents\Visual Studio 2010\Projects\MultilEegL\MultilEegL\MultilEegL.vcxproj" (build target(s)).

Build succeeded.

Time Elapsed 00:00:02.70
